<?xml version="1.0" encoding="UTF-8"?>
<!-- Generated by org.testng.reporters.JUnitReportReporter -->
<testsuite hostname="Erdems-MacBook-Pro.local" failures="0" tests="2" name="test1._1_xml2" time="0.001" errors="0" timestamp="13 Jun 2019 16:53:30 GMT" skipped="0">
  <testcase classname="test1._1_xml2" name="testDemo1" time="0.001"/>
  <testcase classname="test1._1_xml2" name="testDemo2" time="0.000"/>
</testsuite> <!-- test1._1_xml2 -->
