<?xml version="1.0" encoding="UTF-8"?>
<!-- Generated by org.testng.reporters.JUnitReportReporter -->
<testsuite hostname="Erdems-MacBook-Pro.local" failures="0" tests="1" name="test1._1_homeLoan1" time="0.006" errors="0" timestamp="13 Jun 2019 18:00:05 GMT" skipped="0">
  <testcase classname="test1._1_homeLoan1" name="testDemo2" time="0.006"/>
</testsuite> <!-- test1._1_homeLoan1 -->
