<?xml version="1.0" encoding="UTF-8"?>
<!-- Generated by org.testng.reporters.JUnitReportReporter -->
<testsuite hostname="Erdems-MacBook-Pro.local" failures="0" tests="3" name="test1.day4" time="0.003" errors="0" timestamp="15 Jun 2019 14:41:37 GMT" skipped="0">
  <testcase classname="test1.day4" name="LoginAPIHomeLoan" time="0.001"/>
  <testcase classname="test1.day4" name="MobileLoginHomeLoan" time="0.001"/>
  <testcase classname="test1.day4" name="WebloginHomeLoan" time="0.001"/>
</testsuite> <!-- test1.day4 -->
