<?xml version="1.0" encoding="UTF-8"?>
<!-- Generated by org.testng.reporters.JUnitReportReporter -->
<testsuite hostname="Erdems-MacBook-Pro.local" failures="0" tests="1" name="test1.day2" time="0.001" errors="0" timestamp="15 Jun 2019 14:41:37 GMT" skipped="0">
  <testcase classname="test1.day2" name="ploan" time="0.001"/>
</testsuite> <!-- test1.day2 -->
