<?xml version="1.0" encoding="UTF-8"?>
<!-- Generated by org.testng.reporters.JUnitReportReporter -->
<testsuite hostname="Erdems-MacBook-Pro.local" failures="0" tests="6" name="test1.day3" time="0.011" errors="0" timestamp="15 Jun 2019 14:41:37 GMT" skipped="1">
  <testcase classname="test1.day3" name="MobileLogincarLoan" time="0.005"/>
  <testcase classname="test1.day3" name="MobilesignoutcarLoan" time="0.002"/>
  <testcase classname="test1.day3" name="MobilesignoutcarLoan" time="0.001"/>
  <testcase classname="test1.day3" name="WebloginCarLoan" time="0.001"/>
  <testcase classname="test1.day3" name="MobilesignoutcarLoan" time="0.002"/>
  <testcase classname="test1.day3" name="MobilesignimcarLoan">
    <skipped/>
  </testcase> <!-- MobilesignimcarLoan -->
</testsuite> <!-- test1.day3 -->
